{"build\n[package]\nname = \"sandbox\"\nversion = \"0.1.0\"\nedition = \"2018\"\n\n\n\nfn main() {}\nfn solution(a: i32, b: i32) -> i32 {\n    a + b\n}\n\n":"[0,\"   Compiling sandbox v0.1.0 (/home/christian/Videos/rustsn/sandbox)\\nwarning: function `solution` is never used\\n --> src/main.rs:2:4\\n  |\\n2 | fn solution(a: i32, b: i32) -> i32 {\\n  |    ^^^^^^^^\\n  |\\n  = note: `#[warn(dead_code)]` on by default\\n\\nwarning: `sandbox` (bin \\\"sandbox\\\") generated 1 warning\\n    Finished `dev` profile [unoptimized + debuginfo] target(s) in 0.16s\\n\"]","{\"model\":\"gemma2:27b\",\"prompt\":\"\\ni want a function which add two numbers\\r\\n\\nRust language code of this function:\\n```rust\\nfn solution(a: i32, b: i32) -> i32 {\\n    a + b\\n}\\n\\n```\\n\\nWrite on Rust language code of test for this function (only test code without function implementation):\\n```rust\\n#[cfg(test)]\\nmod tests {\\nuse super::*;\\n\\n#[test]\\nfn test_solution(\\n\",\"stream\":false,\"options\":{\"num_predict\":500,\"stop\":[\"**Explanation\",\"**Notes\",\"### Explanation\",\"**Additional Notes\"]}}":"```rust\n#[cfg(test)]\nmod tests {\n    use super::*;\n\n    #[test]\n    fn test_solution() {\n        assert_eq!(solution(1, 2), 3);\n        assert_eq!(solution(-1, 1), 0);\n        assert_eq!(solution(0, 0), 0);\n    }\n}\n```\n\n","build\n[package]\nname = \"sandbox\"\nversion = \"0.1.0\"\nedition = \"2018\"\n\n\n\nfn main() {}\nfn solution() {\n    println!(\"hello world\");\n}\n\n":"[0,\"   Compiling sandbox v0.1.0 (/home/christian/Videos/rustsn/sandbox)\\nwarning: function `solution` is never used\\n --> src/main.rs:2:4\\n  |\\n2 | fn solution() {\\n  |    ^^^^^^^^\\n  |\\n  = note: `#[warn(dead_code)]` on by default\\n\\nwarning: `sandbox` (bin \\\"sandbox\\\") generated 1 warning\\n    Finished `dev` profile [unoptimized + debuginfo] target(s) in 0.29s\\n\"]","{\"model\":\"gemma2:27b\",\"prompt\":\"\\ni want a function which add two numbers\\r\\n\\n\\nWrite on Rust language code of this function (without example of usage like main function):\\n```rust\\nfn solution(\\n\",\"stream\":false,\"options\":{\"num_predict\":500,\"stop\":[\"**Explanation\",\"**Notes\",\"### Explanation\",\"**Additional Notes\"]}}":"```rust\nfn solution(a: i32, b: i32) -> i32 {\n    a + b\n}\n```\n\n","{\"model\":\"gemma2:27b\",\"prompt\":\"\\nprint hello world\\r\\n\\n\\nWrite on Rust language code of this function (without example of usage like main function):\\n```rust\\nfn solution(\\n\",\"stream\":false,\"options\":{\"num_predict\":500,\"stop\":[\"**Explanation\",\"**Notes\",\"### Explanation\",\"**Additional Notes\"]}}":"```rust\nfn solution() {\n    println!(\"hello world\");\n}\n``` \n","test --no-run\n[package]\nname = \"sandbox\"\nversion = \"0.1.0\"\nedition = \"2018\"\n\n\n\nfn main() {}\nfn solution() {\n    println!(\"hello world\");\n}\n\n#[cfg(test)]\nmod tests {\n    use super::*;\n\n    #[test]\n    fn test_solution() {\n        let expected = \"hello world\\n\"; // Note the newline character \n        let mut output = Vec::new();\n\n        std::io::Write(&mut output).unwrap(); // Capture stdout\n        solution(); \n\n        assert_eq!(String::from_utf8(output).unwrap(), expected);\n    }\n}\n":"[101,\"   Compiling sandbox v0.1.0 (/home/christian/Videos/rustsn/sandbox)\\nerror[E0423]: expected function, tuple struct or tuple variant, found trait `std::io::Write`\\n  --> src/main.rs:15:9\\n   |\\n15 |         std::io::Write(&mut output).unwrap(); // Capture stdout\\n   |         ^^^^^^^^^^^^^^ not a function, tuple struct or tuple variant\\n   |\\nhelp: consider importing this unit variant instead\\n   |\\n8  +     use std::net::Shutdown::Write;\\n   |\\nhelp: if you import `Write`, refer to it directly\\n   |\\n15 -         std::io::Write(&mut output).unwrap(); // Capture stdout\\n15 +         Write(&mut output).unwrap(); // Capture stdout\\n   |\\n\\nFor more information about this error, try `rustc --explain E0423`.\\nerror: could not compile `sandbox` (bin \\\"sandbox\\\" test) due to 1 previous error\\n\"]","{\"model\":\"gemma2:27b\",\"prompt\":\"\\nprint hello world\\r\\n\\nRust language code of this function:\\n```rust\\nfn solution() {\\n    println!(\\\"hello world\\\");\\n}\\n\\n```\\n\\nCargo.toml file:\\n```toml\\n\\n```\\n\\n\\n```bash\\ncargo build\\n```\\n\\nResult of compilation:\\n```console\\nerror[E0423]: expected function, tuple struct or tuple variant, found trait `std::io::Write`\\n  --> src/main.rs:15:9\\n   |\\n15 |         std::io::Write(&mut output).unwrap(); // Capture stdout\\n   |         ^^^^^^^^^^^^^^ not a function, tuple struct or tuple variant\\n   |\\nhelp: consider importing this unit variant instead\\n   |\\n8  +     use std::net::Shutdown::Write;\\n   |\\nhelp: if you import `Write`, refer to it directly\\n   |\\n15 -         std::io::Write(&mut output).unwrap(); // Capture stdout\\n15 +         Write(&mut output).unwrap(); // Capture stdout\\n   |\\n\\nFor more information about this error, try `rustc --explain E0423`.\\n```\\n\\nFor this function is required some dependencies in Cargo.toml file?\\n1. Some dependencies are required to add in Cargo.toml file\\n2. All dependencies are already included or placed in standard library\\nAnswer(just number):\\n\",\"stream\":false,\"options\":{\"num_predict\":500,\"stop\":[\"**Explanation\",\"**Notes\",\"### Explanation\",\"**Additional Notes\"]}}":"2 \n","test\n[package]\nname = \"sandbox\"\nversion = \"0.1.0\"\nedition = \"2018\"\n\n\n\nfn main() {}\nfn solution(a: i32, b: i32) -> i32 {\n    a + b\n}\n\n#[cfg(test)]\nmod tests {\n    use super::*;\n\n    #[test]\n    fn test_solution() {\n        assert_eq!(solution(1, 2), 3);\n        assert_eq!(solution(-1, 1), 0);\n        assert_eq!(solution(0, 0), 0);\n    }\n}\n":"[0,\"    Finished `test` profile [unoptimized + debuginfo] target(s) in 0.00s\\n     Running unittests src/main.rs (target/debug/deps/sandbox-8a667d5e0ff3a829)\\n\\nrunning 1 test\\ntest tests::test_solution ... ok\\n\\ntest result: ok. 1 passed; 0 failed; 0 ignored; 0 measured; 0 filtered out; finished in 0.00s\\n\\n\"]","{\"model\":\"gemma2:27b\",\"prompt\":\"\\nprint hello world\\r\\n\\nRust language code of this function:\\n```rust\\nfn solution() {\\n    println!(\\\"hello world\\\");\\n}\\n\\n```\\n\\nWrite on Rust language code of test for this function (only test code without function implementation):\\n```rust\\n#[cfg(test)]\\nmod tests {\\nuse super::*;\\n\\n#[test]\\nfn test_solution(\\n\",\"stream\":false,\"options\":{\"num_predict\":500,\"stop\":[\"**Explanation\",\"**Notes\",\"### Explanation\",\"**Additional Notes\"]}}":"```rust\n#[cfg(test)]\nmod tests {\n    use super::*;\n\n    #[test]\n    fn test_solution() {\n        let expected = \"hello world\\n\"; // Note the newline character \n        let mut output = Vec::new();\n\n        std::io::Write(&mut output).unwrap(); // Capture stdout\n        solution(); \n\n        assert_eq!(String::from_utf8(output).unwrap(), expected);\n    }\n}\n```\n\n","{\"model\":\"gemma2:27b\",\"prompt\":\"\\nprint hello world\\r\\n\\nRust language code of this function:\\n```rust\\nfn solution() {\\n    println!(\\\"hello world\\\");\\n}\\n\\n```\\n\\nTest code for this function:\\n```rust\\n#[cfg(test)]\\nmod tests {\\n    use super::*;\\n\\n    #[test]\\n    fn test_solution() {\\n        let expected = \\\"hello world\\\\n\\\"; // Note the newline character \\n        let mut output = Vec::new();\\n\\n        std::io::Write(&mut output).unwrap(); // Capture stdout\\n        solution(); \\n\\n        assert_eq!(String::from_utf8(output).unwrap(), expected);\\n    }\\n}\\n\\n```\\n\\n'''bash\\ncargo test\\n'''\\n\\nResult of testing:\\n'''console\\nerror[E0423]: expected function, tuple struct or tuple variant, found trait `std::io::Write`\\n  --> src/main.rs:15:9\\n   |\\n15 |         std::io::Write(&mut output).unwrap(); // Capture stdout\\n   |         ^^^^^^^^^^^^^^ not a function, tuple struct or tuple variant\\n   |\\nhelp: consider importing this unit variant instead\\n   |\\n8  +     use std::net::Shutdown::Write;\\n   |\\nhelp: if you import `Write`, refer to it directly\\n   |\\n15 -         std::io::Write(&mut output).unwrap(); // Capture stdout\\n15 +         Write(&mut output).unwrap(); // Capture stdout\\n   |\\n\\nFor more information about this error, try `rustc --explain E0423`.\\n'''\\n\\nWhere are current errors placed ?\\n1. In code. In 'solution' function\\n2. In test. In 'test_solution' function\\nAnswer(just number):\\n\",\"stream\":false,\"options\":{\"num_predict\":500,\"stop\":[\"**Explanation\",\"**Notes\",\"### Explanation\",\"**Additional Notes\"]}}":"2 \n","test --no-run\n[package]\nname = \"sandbox\"\nversion = \"0.1.0\"\nedition = \"2018\"\n\n\n\nfn main() {}\nfn solution(a: i32, b: i32) -> i32 {\n    a + b\n}\n\n#[cfg(test)]\nmod tests {\n    use super::*;\n\n    #[test]\n    fn test_solution() {\n        assert_eq!(solution(1, 2), 3);\n        assert_eq!(solution(-1, 1), 0);\n        assert_eq!(solution(0, 0), 0);\n    }\n}\n":"[0,\"   Compiling sandbox v0.1.0 (/home/christian/Videos/rustsn/sandbox)\\n    Finished `test` profile [unoptimized + debuginfo] target(s) in 0.23s\\n  Executable unittests src/main.rs (target/debug/deps/sandbox-8a667d5e0ff3a829)\\n\"]"}